<?xml version="1.0" encoding="UTF-8"?>
<robot generator="Robot 7.2.2 (Python 3.13.1 on win32)" generated="2025-03-05T15:31:25.230348" rpa="false" schemaversion="5">
<suite id="s1" name="Odd Eve" source="C:\Users\shett\PycharmProjects\robotframework\assignment_3\odd_eve.robot">
<test id="s1-t1" name="List creation" line="9">
<kw name="Log" owner="BuiltIn">
<msg time="2025-03-05T15:31:25.268260" level="INFO">['Rainbow', 'computer', 'science', 'programming', 'python', 'mathematics', 'player', 'condition', 'reverse', 'water', 'board', 'geeks']</msg>
<arg>${Words}</arg>
<doc>Logs the given message with the given level.</doc>
<status status="PASS" start="2025-03-05T15:31:25.268105" elapsed="0.000209"/>
</kw>
<status status="PASS" start="2025-03-05T15:31:25.267371" elapsed="0.001136"/>
</test>
<test id="s1-t2" name="Length of elements" line="11">
<for flavor="IN">
<iter>
<kw name="Get Length" owner="BuiltIn">
<msg time="2025-03-05T15:31:25.269886" level="INFO">Length is 7.</msg>
<msg time="2025-03-05T15:31:25.269952" level="INFO">${len} = 7</msg>
<var>${len}</var>
<arg>${items}</arg>
<doc>Returns and logs the length of the given item as an integer.</doc>
<status status="PASS" start="2025-03-05T15:31:25.269762" elapsed="0.000210"/>
</kw>
<kw name="Evaluate" owner="BuiltIn">
<msg time="2025-03-05T15:31:25.270249" level="INFO">${remainder} = 1</msg>
<var>${remainder}</var>
<arg>${len} % 2</arg>
<doc>Evaluates the given expression in Python and returns the result.</doc>
<status status="PASS" start="2025-03-05T15:31:25.270052" elapsed="0.000218"/>
</kw>
<kw name="Run Keyword If" owner="BuiltIn">
<arg>${remainder} == 0</arg>
<arg>append to list</arg>
<arg>${even_words}</arg>
<arg>${items}</arg>
<doc>Runs the given keyword with the given arguments, if ``condition`` is true.</doc>
<status status="PASS" start="2025-03-05T15:31:25.270352" elapsed="0.000128"/>
</kw>
<kw name="Run Keyword If" owner="BuiltIn">
<kw name="Append To List" owner="Collections">
<arg>${odd_words}</arg>
<arg>${items}</arg>
<doc>Adds ``values`` to the end of ``list``.</doc>
<status status="PASS" start="2025-03-05T15:31:25.270715" elapsed="0.000108"/>
</kw>
<arg>${remainder} != 0</arg>
<arg>append to list</arg>
<arg>${odd_words}</arg>
<arg>${items}</arg>
<doc>Runs the given keyword with the given arguments, if ``condition`` is true.</doc>
<status status="PASS" start="2025-03-05T15:31:25.270566" elapsed="0.000298"/>
</kw>
<var name="${items}">Rainbow</var>
<status status="PASS" start="2025-03-05T15:31:25.269657" elapsed="0.001236"/>
</iter>
<iter>
<kw name="Get Length" owner="BuiltIn">
<msg time="2025-03-05T15:31:25.271162" level="INFO">Length is 8.</msg>
<msg time="2025-03-05T15:31:25.271217" level="INFO">${len} = 8</msg>
<var>${len}</var>
<arg>${items}</arg>
<doc>Returns and logs the length of the given item as an integer.</doc>
<status status="PASS" start="2025-03-05T15:31:25.271031" elapsed="0.000204"/>
</kw>
<kw name="Evaluate" owner="BuiltIn">
<msg time="2025-03-05T15:31:25.271447" level="INFO">${remainder} = 0</msg>
<var>${remainder}</var>
<arg>${len} % 2</arg>
<doc>Evaluates the given expression in Python and returns the result.</doc>
<status status="PASS" start="2025-03-05T15:31:25.271313" elapsed="0.000154"/>
</kw>
<kw name="Run Keyword If" owner="BuiltIn">
<kw name="Append To List" owner="Collections">
<arg>${even_words}</arg>
<arg>${items}</arg>
<doc>Adds ``values`` to the end of ``list``.</doc>
<status status="PASS" start="2025-03-05T15:31:25.271684" elapsed="0.000104"/>
</kw>
<arg>${remainder} == 0</arg>
<arg>append to list</arg>
<arg>${even_words}</arg>
<arg>${items}</arg>
<doc>Runs the given keyword with the given arguments, if ``condition`` is true.</doc>
<status status="PASS" start="2025-03-05T15:31:25.271542" elapsed="0.000285"/>
</kw>
<kw name="Run Keyword If" owner="BuiltIn">
<arg>${remainder} != 0</arg>
<arg>append to list</arg>
<arg>${odd_words}</arg>
<arg>${items}</arg>
<doc>Runs the given keyword with the given arguments, if ``condition`` is true.</doc>
<status status="PASS" start="2025-03-05T15:31:25.271903" elapsed="0.000101"/>
</kw>
<var name="${items}">computer</var>
<status status="PASS" start="2025-03-05T15:31:25.270977" elapsed="0.001060"/>
</iter>
<iter>
<kw name="Get Length" owner="BuiltIn">
<msg time="2025-03-05T15:31:25.272281" level="INFO">Length is 7.</msg>
<msg time="2025-03-05T15:31:25.272330" level="INFO">${len} = 7</msg>
<var>${len}</var>
<arg>${items}</arg>
<doc>Returns and logs the length of the given item as an integer.</doc>
<status status="PASS" start="2025-03-05T15:31:25.272201" elapsed="0.000147"/>
</kw>
<kw name="Evaluate" owner="BuiltIn">
<msg time="2025-03-05T15:31:25.272557" level="INFO">${remainder} = 1</msg>
<var>${remainder}</var>
<arg>${len} % 2</arg>
<doc>Evaluates the given expression in Python and returns the result.</doc>
<status status="PASS" start="2025-03-05T15:31:25.272423" elapsed="0.000153"/>
</kw>
<kw name="Run Keyword If" owner="BuiltIn">
<arg>${remainder} == 0</arg>
<arg>append to list</arg>
<arg>${even_words}</arg>
<arg>${items}</arg>
<doc>Runs the given keyword with the given arguments, if ``condition`` is true.</doc>
<status status="PASS" start="2025-03-05T15:31:25.272650" elapsed="0.000102"/>
</kw>
<kw name="Run Keyword If" owner="BuiltIn">
<kw name="Append To List" owner="Collections">
<arg>${odd_words}</arg>
<arg>${items}</arg>
<doc>Adds ``values`` to the end of ``list``.</doc>
<status status="PASS" start="2025-03-05T15:31:25.272971" elapsed="0.000123"/>
</kw>
<arg>${remainder} != 0</arg>
<arg>append to list</arg>
<arg>${odd_words}</arg>
<arg>${items}</arg>
<doc>Runs the given keyword with the given arguments, if ``condition`` is true.</doc>
<status status="PASS" start="2025-03-05T15:31:25.272831" elapsed="0.000316"/>
</kw>
<var name="${items}">science</var>
<status status="PASS" start="2025-03-05T15:31:25.272149" elapsed="0.001027"/>
</iter>
<iter>
<kw name="Get Length" owner="BuiltIn">
<msg time="2025-03-05T15:31:25.273370" level="INFO">Length is 11.</msg>
<msg time="2025-03-05T15:31:25.273422" level="INFO">${len} = 11</msg>
<var>${len}</var>
<arg>${items}</arg>
<doc>Returns and logs the length of the given item as an integer.</doc>
<status status="PASS" start="2025-03-05T15:31:25.273296" elapsed="0.000143"/>
</kw>
<kw name="Evaluate" owner="BuiltIn">
<msg time="2025-03-05T15:31:25.273640" level="INFO">${remainder} = 1</msg>
<var>${remainder}</var>
<arg>${len} % 2</arg>
<doc>Evaluates the given expression in Python and returns the result.</doc>
<status status="PASS" start="2025-03-05T15:31:25.273510" elapsed="0.000149"/>
</kw>
<kw name="Run Keyword If" owner="BuiltIn">
<arg>${remainder} == 0</arg>
<arg>append to list</arg>
<arg>${even_words}</arg>
<arg>${items}</arg>
<doc>Runs the given keyword with the given arguments, if ``condition`` is true.</doc>
<status status="PASS" start="2025-03-05T15:31:25.273737" elapsed="0.000105"/>
</kw>
<kw name="Run Keyword If" owner="BuiltIn">
<kw name="Append To List" owner="Collections">
<arg>${odd_words}</arg>
<arg>${items}</arg>
<doc>Adds ``values`` to the end of ``list``.</doc>
<status status="PASS" start="2025-03-05T15:31:25.274056" elapsed="0.000137"/>
</kw>
<arg>${remainder} != 0</arg>
<arg>append to list</arg>
<arg>${odd_words}</arg>
<arg>${items}</arg>
<doc>Runs the given keyword with the given arguments, if ``condition`` is true.</doc>
<status status="PASS" start="2025-03-05T15:31:25.273920" elapsed="0.000312"/>
</kw>
<var name="${items}">programming</var>
<status status="PASS" start="2025-03-05T15:31:25.273245" elapsed="0.001016"/>
</iter>
<iter>
<kw name="Get Length" owner="BuiltIn">
<msg time="2025-03-05T15:31:25.274467" level="INFO">Length is 6.</msg>
<msg time="2025-03-05T15:31:25.274516" level="INFO">${len} = 6</msg>
<var>${len}</var>
<arg>${items}</arg>
<doc>Returns and logs the length of the given item as an integer.</doc>
<status status="PASS" start="2025-03-05T15:31:25.274391" elapsed="0.000142"/>
</kw>
<kw name="Evaluate" owner="BuiltIn">
<msg time="2025-03-05T15:31:25.274740" level="INFO">${remainder} = 0</msg>
<var>${remainder}</var>
<arg>${len} % 2</arg>
<doc>Evaluates the given expression in Python and returns the result.</doc>
<status status="PASS" start="2025-03-05T15:31:25.274609" elapsed="0.000267"/>
</kw>
<kw name="Run Keyword If" owner="BuiltIn">
<kw name="Append To List" owner="Collections">
<arg>${even_words}</arg>
<arg>${items}</arg>
<doc>Adds ``values`` to the end of ``list``.</doc>
<status status="PASS" start="2025-03-05T15:31:25.275156" elapsed="0.000188"/>
</kw>
<arg>${remainder} == 0</arg>
<arg>append to list</arg>
<arg>${even_words}</arg>
<arg>${items}</arg>
<doc>Runs the given keyword with the given arguments, if ``condition`` is true.</doc>
<status status="PASS" start="2025-03-05T15:31:25.274963" elapsed="0.000433"/>
</kw>
<kw name="Run Keyword If" owner="BuiltIn">
<arg>${remainder} != 0</arg>
<arg>append to list</arg>
<arg>${odd_words}</arg>
<arg>${items}</arg>
<doc>Runs the given keyword with the given arguments, if ``condition`` is true.</doc>
<status status="PASS" start="2025-03-05T15:31:25.275504" elapsed="0.000127"/>
</kw>
<var name="${items}">python</var>
<status status="PASS" start="2025-03-05T15:31:25.274330" elapsed="0.001339"/>
</iter>
<iter>
<kw name="Get Length" owner="BuiltIn">
<msg time="2025-03-05T15:31:25.275914" level="INFO">Length is 11.</msg>
<msg time="2025-03-05T15:31:25.275974" level="INFO">${len} = 11</msg>
<var>${len}</var>
<arg>${items}</arg>
<doc>Returns and logs the length of the given item as an integer.</doc>
<status status="PASS" start="2025-03-05T15:31:25.275819" elapsed="0.000174"/>
</kw>
<kw name="Evaluate" owner="BuiltIn">
<msg time="2025-03-05T15:31:25.276225" level="INFO">${remainder} = 1</msg>
<var>${remainder}</var>
<arg>${len} % 2</arg>
<doc>Evaluates the given expression in Python and returns the result.</doc>
<status status="PASS" start="2025-03-05T15:31:25.276070" elapsed="0.000176"/>
</kw>
<kw name="Run Keyword If" owner="BuiltIn">
<arg>${remainder} == 0</arg>
<arg>append to list</arg>
<arg>${even_words}</arg>
<arg>${items}</arg>
<doc>Runs the given keyword with the given arguments, if ``condition`` is true.</doc>
<status status="PASS" start="2025-03-05T15:31:25.276324" elapsed="0.000108"/>
</kw>
<kw name="Run Keyword If" owner="BuiltIn">
<kw name="Append To List" owner="Collections">
<arg>${odd_words}</arg>
<arg>${items}</arg>
<doc>Adds ``values`` to the end of ``list``.</doc>
<status status="PASS" start="2025-03-05T15:31:25.276663" elapsed="0.000107"/>
</kw>
<arg>${remainder} != 0</arg>
<arg>append to list</arg>
<arg>${odd_words}</arg>
<arg>${items}</arg>
<doc>Runs the given keyword with the given arguments, if ``condition`` is true.</doc>
<status status="PASS" start="2025-03-05T15:31:25.276517" elapsed="0.000294"/>
</kw>
<var name="${items}">mathematics</var>
<status status="PASS" start="2025-03-05T15:31:25.275757" elapsed="0.001083"/>
</iter>
<iter>
<kw name="Get Length" owner="BuiltIn">
<msg time="2025-03-05T15:31:25.277067" level="INFO">Length is 6.</msg>
<msg time="2025-03-05T15:31:25.277129" level="INFO">${len} = 6</msg>
<var>${len}</var>
<arg>${items}</arg>
<doc>Returns and logs the length of the given item as an integer.</doc>
<status status="PASS" start="2025-03-05T15:31:25.276973" elapsed="0.000174"/>
</kw>
<kw name="Evaluate" owner="BuiltIn">
<msg time="2025-03-05T15:31:25.277366" level="INFO">${remainder} = 0</msg>
<var>${remainder}</var>
<arg>${len} % 2</arg>
<doc>Evaluates the given expression in Python and returns the result.</doc>
<status status="PASS" start="2025-03-05T15:31:25.277222" elapsed="0.000164"/>
</kw>
<kw name="Run Keyword If" owner="BuiltIn">
<kw name="Append To List" owner="Collections">
<arg>${even_words}</arg>
<arg>${items}</arg>
<doc>Adds ``values`` to the end of ``list``.</doc>
<status status="PASS" start="2025-03-05T15:31:25.277647" elapsed="0.000118"/>
</kw>
<arg>${remainder} == 0</arg>
<arg>append to list</arg>
<arg>${even_words}</arg>
<arg>${items}</arg>
<doc>Runs the given keyword with the given arguments, if ``condition`` is true.</doc>
<status status="PASS" start="2025-03-05T15:31:25.277482" elapsed="0.000326"/>
</kw>
<kw name="Run Keyword If" owner="BuiltIn">
<arg>${remainder} != 0</arg>
<arg>append to list</arg>
<arg>${odd_words}</arg>
<arg>${items}</arg>
<doc>Runs the given keyword with the given arguments, if ``condition`` is true.</doc>
<status status="PASS" start="2025-03-05T15:31:25.277891" elapsed="0.000110"/>
</kw>
<var name="${items}">player</var>
<status status="PASS" start="2025-03-05T15:31:25.276919" elapsed="0.001116"/>
</iter>
<iter>
<kw name="Get Length" owner="BuiltIn">
<msg time="2025-03-05T15:31:25.278283" level="INFO">Length is 9.</msg>
<msg time="2025-03-05T15:31:25.278334" level="INFO">${len} = 9</msg>
<var>${len}</var>
<arg>${items}</arg>
<doc>Returns and logs the length of the given item as an integer.</doc>
<status status="PASS" start="2025-03-05T15:31:25.278201" elapsed="0.000151"/>
</kw>
<kw name="Evaluate" owner="BuiltIn">
<msg time="2025-03-05T15:31:25.278564" level="INFO">${remainder} = 1</msg>
<var>${remainder}</var>
<arg>${len} % 2</arg>
<doc>Evaluates the given expression in Python and returns the result.</doc>
<status status="PASS" start="2025-03-05T15:31:25.278423" elapsed="0.000160"/>
</kw>
<kw name="Run Keyword If" owner="BuiltIn">
<arg>${remainder} == 0</arg>
<arg>append to list</arg>
<arg>${even_words}</arg>
<arg>${items}</arg>
<doc>Runs the given keyword with the given arguments, if ``condition`` is true.</doc>
<status status="PASS" start="2025-03-05T15:31:25.278659" elapsed="0.000130"/>
</kw>
<kw name="Run Keyword If" owner="BuiltIn">
<kw name="Append To List" owner="Collections">
<arg>${odd_words}</arg>
<arg>${items}</arg>
<doc>Adds ``values`` to the end of ``list``.</doc>
<status status="PASS" start="2025-03-05T15:31:25.279045" elapsed="0.000112"/>
</kw>
<arg>${remainder} != 0</arg>
<arg>append to list</arg>
<arg>${odd_words}</arg>
<arg>${items}</arg>
<doc>Runs the given keyword with the given arguments, if ``condition`` is true.</doc>
<status status="PASS" start="2025-03-05T15:31:25.278882" elapsed="0.000316"/>
</kw>
<var name="${items}">condition</var>
<status status="PASS" start="2025-03-05T15:31:25.278139" elapsed="0.001090"/>
</iter>
<iter>
<kw name="Get Length" owner="BuiltIn">
<msg time="2025-03-05T15:31:25.279436" level="INFO">Length is 7.</msg>
<msg time="2025-03-05T15:31:25.279490" level="INFO">${len} = 7</msg>
<var>${len}</var>
<arg>${items}</arg>
<doc>Returns and logs the length of the given item as an integer.</doc>
<status status="PASS" start="2025-03-05T15:31:25.279357" elapsed="0.000151"/>
</kw>
<kw name="Evaluate" owner="BuiltIn">
<msg time="2025-03-05T15:31:25.279719" level="INFO">${remainder} = 1</msg>
<var>${remainder}</var>
<arg>${len} % 2</arg>
<doc>Evaluates the given expression in Python and returns the result.</doc>
<status status="PASS" start="2025-03-05T15:31:25.279583" elapsed="0.000155"/>
</kw>
<kw name="Run Keyword If" owner="BuiltIn">
<arg>${remainder} == 0</arg>
<arg>append to list</arg>
<arg>${even_words}</arg>
<arg>${items}</arg>
<doc>Runs the given keyword with the given arguments, if ``condition`` is true.</doc>
<status status="PASS" start="2025-03-05T15:31:25.279819" elapsed="0.000109"/>
</kw>
<kw name="Run Keyword If" owner="BuiltIn">
<kw name="Append To List" owner="Collections">
<arg>${odd_words}</arg>
<arg>${items}</arg>
<doc>Adds ``values`` to the end of ``list``.</doc>
<status status="PASS" start="2025-03-05T15:31:25.280149" elapsed="0.000106"/>
</kw>
<arg>${remainder} != 0</arg>
<arg>append to list</arg>
<arg>${odd_words}</arg>
<arg>${items}</arg>
<doc>Runs the given keyword with the given arguments, if ``condition`` is true.</doc>
<status status="PASS" start="2025-03-05T15:31:25.280008" elapsed="0.000288"/>
</kw>
<var name="${items}">reverse</var>
<status status="PASS" start="2025-03-05T15:31:25.279305" elapsed="0.001054"/>
</iter>
<iter>
<kw name="Get Length" owner="BuiltIn">
<msg time="2025-03-05T15:31:25.280564" level="INFO">Length is 5.</msg>
<msg time="2025-03-05T15:31:25.280740" level="INFO">${len} = 5</msg>
<var>${len}</var>
<arg>${items}</arg>
<doc>Returns and logs the length of the given item as an integer.</doc>
<status status="PASS" start="2025-03-05T15:31:25.280485" elapsed="0.000275"/>
</kw>
<kw name="Evaluate" owner="BuiltIn">
<msg time="2025-03-05T15:31:25.280973" level="INFO">${remainder} = 1</msg>
<var>${remainder}</var>
<arg>${len} % 2</arg>
<doc>Evaluates the given expression in Python and returns the result.</doc>
<status status="PASS" start="2025-03-05T15:31:25.280833" elapsed="0.000160"/>
</kw>
<kw name="Run Keyword If" owner="BuiltIn">
<arg>${remainder} == 0</arg>
<arg>append to list</arg>
<arg>${even_words}</arg>
<arg>${items}</arg>
<doc>Runs the given keyword with the given arguments, if ``condition`` is true.</doc>
<status status="PASS" start="2025-03-05T15:31:25.281072" elapsed="0.000110"/>
</kw>
<kw name="Run Keyword If" owner="BuiltIn">
<kw name="Append To List" owner="Collections">
<arg>${odd_words}</arg>
<arg>${items}</arg>
<doc>Adds ``values`` to the end of ``list``.</doc>
<status status="PASS" start="2025-03-05T15:31:25.281402" elapsed="0.000104"/>
</kw>
<arg>${remainder} != 0</arg>
<arg>append to list</arg>
<arg>${odd_words}</arg>
<arg>${items}</arg>
<doc>Runs the given keyword with the given arguments, if ``condition`` is true.</doc>
<status status="PASS" start="2025-03-05T15:31:25.281262" elapsed="0.000285"/>
</kw>
<var name="${items}">water</var>
<status status="PASS" start="2025-03-05T15:31:25.280432" elapsed="0.001144"/>
</iter>
<iter>
<kw name="Get Length" owner="BuiltIn">
<msg time="2025-03-05T15:31:25.281779" level="INFO">Length is 5.</msg>
<msg time="2025-03-05T15:31:25.281830" level="INFO">${len} = 5</msg>
<var>${len}</var>
<arg>${items}</arg>
<doc>Returns and logs the length of the given item as an integer.</doc>
<status status="PASS" start="2025-03-05T15:31:25.281701" elapsed="0.000146"/>
</kw>
<kw name="Evaluate" owner="BuiltIn">
<msg time="2025-03-05T15:31:25.282051" level="INFO">${remainder} = 1</msg>
<var>${remainder}</var>
<arg>${len} % 2</arg>
<doc>Evaluates the given expression in Python and returns the result.</doc>
<status status="PASS" start="2025-03-05T15:31:25.281916" elapsed="0.000155"/>
</kw>
<kw name="Run Keyword If" owner="BuiltIn">
<arg>${remainder} == 0</arg>
<arg>append to list</arg>
<arg>${even_words}</arg>
<arg>${items}</arg>
<doc>Runs the given keyword with the given arguments, if ``condition`` is true.</doc>
<status status="PASS" start="2025-03-05T15:31:25.282148" elapsed="0.000107"/>
</kw>
<kw name="Run Keyword If" owner="BuiltIn">
<kw name="Append To List" owner="Collections">
<arg>${odd_words}</arg>
<arg>${items}</arg>
<doc>Adds ``values`` to the end of ``list``.</doc>
<status status="PASS" start="2025-03-05T15:31:25.282474" elapsed="0.000104"/>
</kw>
<arg>${remainder} != 0</arg>
<arg>append to list</arg>
<arg>${odd_words}</arg>
<arg>${items}</arg>
<doc>Runs the given keyword with the given arguments, if ``condition`` is true.</doc>
<status status="PASS" start="2025-03-05T15:31:25.282334" elapsed="0.000283"/>
</kw>
<var name="${items}">board</var>
<status status="PASS" start="2025-03-05T15:31:25.281649" elapsed="0.000996"/>
</iter>
<iter>
<kw name="Get Length" owner="BuiltIn">
<msg time="2025-03-05T15:31:25.282844" level="INFO">Length is 5.</msg>
<msg time="2025-03-05T15:31:25.282894" level="INFO">${len} = 5</msg>
<var>${len}</var>
<arg>${items}</arg>
<doc>Returns and logs the length of the given item as an integer.</doc>
<status status="PASS" start="2025-03-05T15:31:25.282769" elapsed="0.000146"/>
</kw>
<kw name="Evaluate" owner="BuiltIn">
<msg time="2025-03-05T15:31:25.283117" level="INFO">${remainder} = 1</msg>
<var>${remainder}</var>
<arg>${len} % 2</arg>
<doc>Evaluates the given expression in Python and returns the result.</doc>
<status status="PASS" start="2025-03-05T15:31:25.282984" elapsed="0.000153"/>
</kw>
<kw name="Run Keyword If" owner="BuiltIn">
<arg>${remainder} == 0</arg>
<arg>append to list</arg>
<arg>${even_words}</arg>
<arg>${items}</arg>
<doc>Runs the given keyword with the given arguments, if ``condition`` is true.</doc>
<status status="PASS" start="2025-03-05T15:31:25.283209" elapsed="0.000103"/>
</kw>
<kw name="Run Keyword If" owner="BuiltIn">
<kw name="Append To List" owner="Collections">
<arg>${odd_words}</arg>
<arg>${items}</arg>
<doc>Adds ``values`` to the end of ``list``.</doc>
<status status="PASS" start="2025-03-05T15:31:25.283532" elapsed="0.000108"/>
</kw>
<arg>${remainder} != 0</arg>
<arg>append to list</arg>
<arg>${odd_words}</arg>
<arg>${items}</arg>
<doc>Runs the given keyword with the given arguments, if ``condition`` is true.</doc>
<status status="PASS" start="2025-03-05T15:31:25.283390" elapsed="0.000291"/>
</kw>
<var name="${items}">geeks</var>
<status status="PASS" start="2025-03-05T15:31:25.282717" elapsed="0.000993"/>
</iter>
<var>${items}</var>
<value>@{Words}</value>
<status status="PASS" start="2025-03-05T15:31:25.269380" elapsed="0.014355"/>
</for>
<kw name="Sort List" owner="Collections">
<msg time="2025-03-05T15:31:25.284068" level="INFO">${odd_words} = None</msg>
<var>${odd_words}</var>
<arg>${odd_words}</arg>
<doc>Sorts the given list in place.</doc>
<status status="PASS" start="2025-03-05T15:31:25.283943" elapsed="0.000146"/>
</kw>
<kw name="Sort List" owner="Collections">
<msg time="2025-03-05T15:31:25.284377" level="INFO">${even_words} = None</msg>
<var>${even_words}</var>
<arg>${even_words}</arg>
<doc>Sorts the given list in place.</doc>
<status status="PASS" start="2025-03-05T15:31:25.284254" elapsed="0.000144"/>
</kw>
<status status="PASS" start="2025-03-05T15:31:25.268994" elapsed="0.015527"/>
</test>
<test id="s1-t3" name="Output List" line="22">
<kw name="Log" owner="BuiltIn">
<msg time="2025-03-05T15:31:25.285328" level="INFO">Original list= ['Rainbow', 'computer', 'science', 'programming', 'python', 'mathematics', 'player', 'condition', 'reverse', 'water', 'board', 'geeks']</msg>
<arg>Original list= ${Words}</arg>
<doc>Logs the given message with the given level.</doc>
<status status="PASS" start="2025-03-05T15:31:25.285202" elapsed="0.000162"/>
</kw>
<kw name="Log" owner="BuiltIn">
<msg time="2025-03-05T15:31:25.285651" level="INFO">Even list= ['computer', 'player', 'python']</msg>
<arg>Even list= ${even_words}</arg>
<doc>Logs the given message with the given level.</doc>
<status status="PASS" start="2025-03-05T15:31:25.285528" elapsed="0.000158"/>
</kw>
<kw name="Log" owner="BuiltIn">
<msg time="2025-03-05T15:31:25.285960" level="INFO">Odd list= ['Rainbow', 'board', 'condition', 'geeks', 'mathematics', 'programming', 'reverse', 'science', 'water']</msg>
<arg>Odd list= ${odd_words}</arg>
<doc>Logs the given message with the given level.</doc>
<status status="PASS" start="2025-03-05T15:31:25.285849" elapsed="0.000146"/>
</kw>
<status status="PASS" start="2025-03-05T15:31:25.284937" elapsed="0.001170"/>
</test>
<status status="PASS" start="2025-03-05T15:31:25.231712" elapsed="0.054929"/>
</suite>
<statistics>
<total>
<stat pass="3" fail="0" skip="0">All Tests</stat>
</total>
<tag>
</tag>
<suite>
<stat name="Odd Eve" id="s1" pass="3" fail="0" skip="0">Odd Eve</stat>
</suite>
</statistics>
<errors>
</errors>
</robot>
